<?xml version="1.0" encoding="UTF-8"?>
<testsuite name="Demo QA" tests="1" skipped="1" failures="0" errors="0" timestamp="2022-08-26T13:13:53" hostname="DESKTOP-7PSJJ0Q" time="0.046">
  <properties/>
  <testcase name="Interact in the website" classname="Demo QA" time="0.046">
    <skipped/>
  </testcase>
  <system-out><![CDATA[]]></system-out>
  <system-err><![CDATA[[Test worker] INFO net.thucydides.core.steps.ConsoleLoggingListener - TEST PENDING
[Test worker] INFO net.thucydides.core.steps.ConsoleLoggingListener - 
          __  _____ _____ ____ _____   ____  _____ _   _ ____ ___ _   _  ____ 
 _       / / |_   _| ____/ ___|_   _| |  _ \| ____| \ | |  _ \_ _| \ | |/ ___|
(_)____ / /    | | |  _| \___ \ | |   | |_) |  _| |  \| | | | | ||  \| | |  _ 
 |_____/ /     | | | |___ ___) || |   |  __/| |___| |\  | |_| | || |\  | |_| |
(_)   /_/      |_| |_____|____/ |_|   |_|   |_____|_| \_|____/___|_| \_|\____|
                                                                                

TEST PENDING: Interact in the website
---------------------------------------------------------------------------------
]]></system-err>
</testsuite>
