<?xml version="1.0" encoding="UTF-8"?>
<testsuite name="co.com.prueba.demoqa.runners.AlertsRunner" tests="0" skipped="0" failures="0" errors="0" timestamp="1970-01-01T00:00:00" hostname="DESKTOP-7MNG5Q6" time="0.0">
  <properties/>
  <system-out><![CDATA[
?[31mFailed scenarios:?[0m
file:///C:/Users/ADMIN/IdeaProjects/toolsQA/src/test/resources/features/alertsqa.feature:3 # enter the page and make alerts

1 Scenarios (?[31m1 failed?[0m)
3 Steps (?[31m1 failed?[0m, ?[36m1 skipped?[0m, ?[32m1 passed?[0m)
0m29,865s


java.lang.NullPointerException: Cannot invoke "org.openqa.selenium.WebDriver.switchTo()" because "this.hisBrowser" is null
	at co.com.prueba.demoqa.tasks.ClickAlerts.performAs(ClickAlerts.java:29)
	at co.com.prueba.demoqa.tasks.ClickAlerts$ByteBuddy$bBYc821O.performAs$accessor$d1HerQBV(Unknown Source)
	at java.base/jdk.internal.reflect.NativeMethodAccessorImpl.invoke0(Native Method)
	at java.base/jdk.internal.reflect.NativeMethodAccessorImpl.invoke(NativeMethodAccessorImpl.java:64)
	at java.base/jdk.internal.reflect.DelegatingMethodAccessorImpl.invoke(DelegatingMethodAccessorImpl.java:43)
	at java.base/java.lang.reflect.Method.invoke(Method.java:564)
	at net.thucydides.core.steps.StepInterceptor.invokeMethod(StepInterceptor.java:492)
	at net.thucydides.core.steps.StepInterceptor.executeTestStepMethod(StepInterceptor.java:472)
	at net.thucydides.core.steps.StepInterceptor.runTestStep(StepInterceptor.java:445)
	at net.thucydides.core.steps.StepInterceptor.runOrSkipMethod(StepInterceptor.java:201)
	at net.thucydides.core.steps.StepInterceptor.testStepResult(StepInterceptor.java:188)
	at net.thucydides.core.steps.StepInterceptor.intercept(StepInterceptor.java:76)
	at net.thucydides.core.steps.ProxyConfiguration$InterceptorDispatcher.intercept(ProxyConfiguration.java:51)
	at co.com.prueba.demoqa.tasks.ClickAlerts$ByteBuddy$bBYc821O.performAs(Unknown Source)
	at net.serenitybdd.screenplay.Actor.performTask(Actor.java:252)
	at net.serenitybdd.screenplay.Actor.perform(Actor.java:233)
	at net.serenitybdd.screenplay.Actor.attemptsTo(Actor.java:178)
	at co.com.prueba.demoqa.stepdefinitions.AlertsStepDefinitions.click_to_see_how_each_alert_works(AlertsStepDefinitions.java:34)
	at ?.click to see how each alert works(file:///C:/Users/ADMIN/IdeaProjects/toolsQA/src/test/resources/features/alertsqa.feature:5)


]]></system-out>
  <system-err><![CDATA[[Test worker] INFO io.cucumber.core.plugin.SerenityReporter - Running feature from file:///C:/Users/ADMIN/IdeaProjects/toolsQA/src/test/resources/features/alertsqa.feature
[Test worker] WARN io.cucumber.core.plugin.SerenityReporter - Feature from file:///C:/Users/ADMIN/IdeaProjects/toolsQA/src/test/resources/features/alertsqa.feature is not under the 'features' directory. Requirements report will not be correctly generated!
[Test worker] INFO  - ?[96m

-------------------------------------------------------------------------------------
     _______. _______ .______       _______ .__   __.  __  .___________.____    ____ 
    /       ||   ____||   _  \     |   ____||  \ |  | |  | |           |\   \  /   / 
   |   (----`|  |__   |  |_)  |    |  |__   |   \|  | |  | `---|  |----` \   \/   /  
    \   \    |   __|  |      /     |   __|  |  . `  | |  |     |  |       \_    _/   
.----)   |   |  |____ |  |\  \----.|  |____ |  |\   | |  |     |  |         |  |     
|_______/    |_______|| _| `._____||_______||__| \__| |__|     |__|         |__|    
                                                                                     
 News and tutorials at http://www.serenity-bdd.info                                  
 Documentation at https://wakaleo.gitbooks.io/the-serenity-book/content/             
 Join the Serenity Community on Gitter: https://gitter.im/serenity-bdd/serenity-core 
 Serenity BDD Support and Training at http://serenity-bdd.info/#/trainingandsupport  
-------------------------------------------------------------------------------------
?[0m
[Test worker] INFO  - Test Suite Started: Review the operation of the alerts on the website
[pool-1-thread-1] INFO net.thucydides.core.reports.ReportService - net.thucydides.core.reports.json.JSONTestOutcomeReporter@b788dc2: Generating report for test outcome: Review the operation of the alerts on the website:enter the page and make alerts
[pool-2-thread-1] INFO net.thucydides.core.reports.ReportService - net.thucydides.core.reports.html.HtmlAcceptanceTestReporter@4e756867: Generating report for test outcome: Review the operation of the alerts on the website:enter the page and make alerts
[pool-2-thread-1] INFO serenity.reporting - 
---------------------------------------------
| TEST NAME:   ?[1menter the page and make alerts?[0m
| RESULT:      ?[91mBroken?[0m
| REQUIREMENT: Review the operation of the alerts on the website
| REPORT:      ?[96mfile:///C:/Users/ADMIN/IdeaProjects/toolsQA/target/site/serenity/22fb605882477a27fcca0a03f0cb5e13292187117dad278ff880f507108fc9cd.html?[0m
---------------------------------------------
]]></system-err>
</testsuite>
