<?xml version="1.0" encoding="UTF-8"?>
<testsuite name="Demo QA" tests="1" skipped="0" failures="0" errors="0" timestamp="2022-08-26T15:04:10" hostname="DESKTOP-7PSJJ0Q" time="43.068">
  <properties/>
  <testcase name="Scenario: Interact in the website" classname="Demo QA" time="43.068"/>
  <system-out><![CDATA[?[92m|-- Example 1: {button_option=visible}?[0m
?[92m|---- Given that Andres open de browser and enter the page 'https://demoqa.com/dynamic-properties'?[0m
?[92m|------ Andres opens the https://demoqa.com/dynamic-properties?[0m
Step argument class io.cucumber.core.gherkin.messages.GherkinMessagesDataTableArgument
?[92m|---- When he select to the element option and the category dynamic properties
| button_option | visible |?[0m
?[92m|------ Andres select button?[0m
?[92m|-------- Andres click button dynamic?[0m
?[92m|---------- Andres clicks on botón opción visible?[0m
botón visible clickeado
?[92m|---- Then He should see on the screen the selected button?[0m
]]></system-out>
  <system-err><![CDATA[[Test worker] INFO io.cucumber.core.plugin.SerenityReporter - Running feature from file:///D:/ideaproject/toolsQA/src/test/resources/features/pdemoqa.feature
[Test worker] WARN io.cucumber.core.plugin.SerenityReporter - Feature from file:///D:/ideaproject/toolsQA/src/test/resources/features/pdemoqa.feature is not under the 'features' directory. Requirements report will not be correctly generated!
[Test worker] INFO  - 
  _____   ___   ___   _____     ___   _____     _     ___   _____   ___   ___  
 |_   _| | __| / __| |_   _|   / __| |_   _|   /_\   | _ \ |_   _| | __| |   \ 
   | |   | _|  \__ \   | |     \__ \   | |    / _ \  |   /   | |   | _|  | |) |
   |_|   |___| |___/   |_|     |___/   |_|   /_/ \_\ |_|_\   |_|   |___| |___/ 

Scenario: Interact in the website(demo-qa;scenario:-interact-in-the-website)
--------------------------------------------------------------------------------
[Test worker] INFO net.serenitybdd.core.webdriver.driverproviders.ChromeDriverProvider - Using automatically driver download
[Test worker] INFO io.github.bonigarcia.wdm.WebDriverManager - Using chromedriver 104.0.5112.79 (resolved driver for Chrome 104)
[Test worker] INFO io.github.bonigarcia.wdm.WebDriverManager - Exporting webdriver.chrome.driver as C:\Users\SENA\.cache\selenium\chromedriver\win32\104.0.5112.79\chromedriver.exe
[Test worker] INFO net.serenitybdd.core.webdriver.driverproviders.ProvideNewDriver - Instantiating driver
[Test worker] INFO net.serenitybdd.core.webdriver.driverproviders.ProvideNewDriver - Driver capabilities: Capabilities {acceptInsecureCerts: false, browserName: chrome, chrome.switches: "--disable-notifications, -..., goog:chromeOptions: {args: [--", --disable-notifications, --enable-automation, --profile-directory=Default, --disables-web-security, --disable-plugins-discovery, --disk-cache-dir=null, --disable-popup-blocking, --disable-download-notifica..., --start-maximized, --ignore-certificate-errors, --allow-running-insecure-co..., --disable-traslate, --always-authorize-plugins, --disable-extensions, --incognito"], extensions: []}, loggingPrefs: org.openqa.selenium.logging...}
Starting ChromeDriver 104.0.5112.79 (3cf3e8c8a07d104b9e1260c910efb8f383285dc5-refs/branch-heads/5112@{#1307}) on port 10598
Only local connections are allowed.
Please see https://chromedriver.chromium.org/security-considerations for suggestions on keeping ChromeDriver safe.
ChromeDriver was started successfully.
ago. 26, 2022 10:04:15 A. M. org.openqa.selenium.remote.ProtocolHandshake createSession
INFO: Detected dialect: W3C
[Test worker] INFO  - ?[92m
  _____   ___   ___   _____     ___     _     ___   ___   ___   ___  
 |_   _| | __| / __| |_   _|   | _ \   /_\   / __| / __| | __| |   \ 
   | |   | _|  \__ \   | |     |  _/  / _ \  \__ \ \__ \ | _|  | |) |
   |_|   |___| |___/   |_|     |_|   /_/ \_\ |___/ |___/ |___| |___/ 

Scenario
----------------------------------------------------------------------?[0m
]]></system-err>
</testsuite>
