<?xml version="1.0" encoding="UTF-8"?>
<testsuite name="Review the operation of the alerts on the website" tests="1" skipped="1" failures="0" errors="0" timestamp="2022-08-26T13:27:59" hostname="DESKTOP-7MNG5Q6" time="0.043">
  <properties/>
  <testcase name="enter the page and make alerts" classname="Review the operation of the alerts on the website" time="0.043">
    <skipped/>
  </testcase>
  <system-out><![CDATA[]]></system-out>
  <system-err><![CDATA[[Test worker] INFO net.thucydides.core.steps.ConsoleLoggingListener - STARTING STEP Given go to the website "https://demoqa.com/alerts"
[Test worker] INFO net.thucydides.core.steps.ConsoleLoggingListener - ?[96mTEST PENDING?[0m
[Test worker] INFO net.thucydides.core.steps.ConsoleLoggingListener - ?[96mPENDING STEP?[0m
[Test worker] INFO net.thucydides.core.steps.ConsoleLoggingListener - STARTING STEP When click to see how each alert works
[Test worker] INFO net.thucydides.core.steps.ConsoleLoggingListener - ?[33mIGNORING STEP?[0m
[Test worker] INFO net.thucydides.core.steps.ConsoleLoggingListener - STARTING STEP Then verification message
[Test worker] INFO net.thucydides.core.steps.ConsoleLoggingListener - ?[33mIGNORING STEP?[0m
[Test worker] INFO net.thucydides.core.steps.ConsoleLoggingListener - ?[96m
          __  _____ _____ ____ _____   ____  _____ _   _ ____ ___ _   _  ____ 
 _       / / |_   _| ____/ ___|_   _| |  _ \| ____| \ | |  _ \_ _| \ | |/ ___|
(_)____ / /    | | |  _| \___ \ | |   | |_) |  _| |  \| | | | | ||  \| | |  _ 
 |_____/ /     | | | |___ ___) || |   |  __/| |___| |\  | |_| | || |\  | |_| |
(_)   /_/      |_| |_____|____/ |_|   |_|   |_____|_| \_|____/___|_| \_|\____|
                                                                                

TEST PENDING: enter the page and make alerts
---------------------------------------------------------------------------------?[0m
]]></system-err>
</testsuite>
