<?xml version="1.0" encoding="UTF-8"?>
<testsuite name="co.com.prueba.demoqa.runners.PDemoqaRunner" tests="0" skipped="0" failures="0" errors="0" timestamp="1970-01-01T00:00:00" hostname="DESKTOP-7PSJJ0Q" time="0.0">
  <properties/>
  <system-out><![CDATA[
1 Scenarios (?[32m1 passed?[0m)
3 Steps (?[32m3 passed?[0m)
0m43,390s


]]></system-out>
  <system-err><![CDATA[[Test worker] INFO io.cucumber.core.plugin.SerenityReporter - Running feature from file:///D:/ideaproject/toolsQA/src/test/resources/features/pdemoqa.feature
[Test worker] WARN io.cucumber.core.plugin.SerenityReporter - Feature from file:///D:/ideaproject/toolsQA/src/test/resources/features/pdemoqa.feature is not under the 'features' directory. Requirements report will not be correctly generated!
[Test worker] INFO  - ?[96m

-------------------------------------------------------------------------------------
     _______. _______ .______       _______ .__   __.  __  .___________.____    ____ 
    /       ||   ____||   _  \     |   ____||  \ |  | |  | |           |\   \  /   / 
   |   (----`|  |__   |  |_)  |    |  |__   |   \|  | |  | `---|  |----` \   \/   /  
    \   \    |   __|  |      /     |   __|  |  . `  | |  |     |  |       \_    _/   
.----)   |   |  |____ |  |\  \----.|  |____ |  |\   | |  |     |  |         |  |     
|_______/    |_______|| _| `._____||_______||__| \__| |__|     |__|         |__|    
                                                                                     
 News and tutorials at http://www.serenity-bdd.info                                  
 Documentation at https://wakaleo.gitbooks.io/the-serenity-book/content/             
 Join the Serenity Community on Gitter: https://gitter.im/serenity-bdd/serenity-core 
 Serenity BDD Support and Training at http://serenity-bdd.info/#/trainingandsupport  
-------------------------------------------------------------------------------------
?[0m
[Test worker] INFO  - Test Suite Started: Demo QA
[pool-1-thread-1] INFO net.thucydides.core.reports.ReportService - net.thucydides.core.reports.json.JSONTestOutcomeReporter@28519bfb: Generating report for test outcome: Demo QA:Scenario: Interact in the website
[pool-2-thread-1] INFO net.thucydides.core.reports.ReportService - net.thucydides.core.reports.html.HtmlAcceptanceTestReporter@751686aa: Generating report for test outcome: Demo QA:Scenario: Interact in the website
[pool-2-thread-1] INFO serenity.reporting - 
------------------------------------------------
| TEST NAME:   ?[1mScenario: Interact in the website?[0m
| RESULT:      ?[92mPassing?[0m
| REQUIREMENT: Demo QA
| REPORT:      ?[96mfile:///D:/ideaproject/toolsQA/target/site/serenity/9d7d34d52c2ef7d445990f4a156dab28e9b040e438d9ec02aade9314ba1cff1c.html?[0m
------------------------------------------------
]]></system-err>
</testsuite>
